INFO: COMMAND: train.py --data .\data\en-fr\prepared\ --source-lang fr --target-lang en --save-dir .\assignments\03\MyBaseline\LexicalModel\checkpoints\ --cuda --batch-size 16 --decoder-use-lexical-model True --log-file .\assignments\03\MyBaseline\LexicalModel\train_log.log
INFO: Arguments: {'cuda': True, 'data': '.\\data\\en-fr\\prepared\\', 'source_lang': 'fr', 'target_lang': 'en', 'max_tokens': None, 'batch_size': 16, 'train_on_tiny': False, 'arch': 'lstm', 'max_epoch': 10000, 'clip_norm': 4.0, 'lr': 0.0003, 'patience': 3, 'log_file': '.\\assignments\\03\\MyBaseline\\LexicalModel\\train_log.log', 'save_dir': '.\\assignments\\03\\MyBaseline\\LexicalModel\\checkpoints\\', 'restore_file': 'checkpoint_last.pt', 'save_interval': 1, 'no_save': False, 'epoch_checkpoints': False, 'decoder_use_lexical_model': 'True', 'encoder_embed_dim': 64, 'encoder_embed_path': None, 'encoder_hidden_size': 64, 'encoder_num_layers': 1, 'encoder_bidirectional': 'True', 'encoder_dropout_in': 0.25, 'encoder_dropout_out': 0.25, 'decoder_embed_dim': 64, 'decoder_embed_path': None, 'decoder_hidden_size': 128, 'decoder_num_layers': 1, 'decoder_dropout_in': 0.25, 'decoder_dropout_out': 0.25, 'decoder_use_attention': 'True', 'device_id': 0}
INFO: Loaded a source dictionary (fr) with 4000 words
INFO: Loaded a target dictionary (en) with 4000 words
INFO: Built a model with 1572672 parameters
INFO: Epoch 000: loss 5.329 | lr 0.0003 | num_tokens 9.431 | batch_size 16 | grad_norm 10.09 | clip 1
INFO: Epoch 000: valid_loss 5.12 | num_tokens 9.39 | batch_size 500 | valid_perplexity 167
INFO: Epoch 001: loss 4.677 | lr 0.0003 | num_tokens 9.431 | batch_size 16 | grad_norm 9.2 | clip 1
INFO: Epoch 001: valid_loss 4.81 | num_tokens 9.39 | batch_size 500 | valid_perplexity 123
INFO: Epoch 002: loss 4.348 | lr 0.0003 | num_tokens 9.431 | batch_size 16 | grad_norm 9.806 | clip 1
INFO: Epoch 002: valid_loss 4.8 | num_tokens 9.39 | batch_size 500 | valid_perplexity 121
INFO: Epoch 003: loss 4.095 | lr 0.0003 | num_tokens 9.431 | batch_size 16 | grad_norm 10.41 | clip 1
INFO: Epoch 003: valid_loss 4.41 | num_tokens 9.39 | batch_size 500 | valid_perplexity 82
INFO: Epoch 004: loss 3.878 | lr 0.0003 | num_tokens 9.431 | batch_size 16 | grad_norm 10.84 | clip 1
INFO: Epoch 004: valid_loss 4.2 | num_tokens 9.39 | batch_size 500 | valid_perplexity 67
INFO: Epoch 005: loss 3.686 | lr 0.0003 | num_tokens 9.431 | batch_size 16 | grad_norm 11.45 | clip 1
INFO: Epoch 005: valid_loss 4.02 | num_tokens 9.39 | batch_size 500 | valid_perplexity 55.6
INFO: Epoch 006: loss 3.515 | lr 0.0003 | num_tokens 9.431 | batch_size 16 | grad_norm 12.07 | clip 1
INFO: Epoch 006: valid_loss 3.8 | num_tokens 9.39 | batch_size 500 | valid_perplexity 44.9
INFO: Epoch 007: loss 3.36 | lr 0.0003 | num_tokens 9.431 | batch_size 16 | grad_norm 12.57 | clip 1
INFO: Epoch 007: valid_loss 3.64 | num_tokens 9.39 | batch_size 500 | valid_perplexity 38.1
INFO: Epoch 008: loss 3.225 | lr 0.0003 | num_tokens 9.431 | batch_size 16 | grad_norm 12.98 | clip 1
INFO: Epoch 008: valid_loss 3.48 | num_tokens 9.39 | batch_size 500 | valid_perplexity 32.6
INFO: Epoch 009: loss 3.091 | lr 0.0003 | num_tokens 9.431 | batch_size 16 | grad_norm 13.36 | clip 1
INFO: Epoch 009: valid_loss 3.38 | num_tokens 9.39 | batch_size 500 | valid_perplexity 29.5
INFO: Epoch 010: loss 2.972 | lr 0.0003 | num_tokens 9.431 | batch_size 16 | grad_norm 13.83 | clip 1
INFO: Epoch 010: valid_loss 3.28 | num_tokens 9.39 | batch_size 500 | valid_perplexity 26.5
INFO: Epoch 011: loss 2.863 | lr 0.0003 | num_tokens 9.431 | batch_size 16 | grad_norm 14.19 | clip 1
INFO: Epoch 011: valid_loss 3.24 | num_tokens 9.39 | batch_size 500 | valid_perplexity 25.6
INFO: Epoch 012: loss 2.768 | lr 0.0003 | num_tokens 9.431 | batch_size 16 | grad_norm 14.5 | clip 1
INFO: Epoch 012: valid_loss 3.14 | num_tokens 9.39 | batch_size 500 | valid_perplexity 23
INFO: Epoch 013: loss 2.669 | lr 0.0003 | num_tokens 9.431 | batch_size 16 | grad_norm 15 | clip 1
INFO: Epoch 013: valid_loss 3.09 | num_tokens 9.39 | batch_size 500 | valid_perplexity 21.9
INFO: Epoch 014: loss 2.582 | lr 0.0003 | num_tokens 9.431 | batch_size 16 | grad_norm 14.94 | clip 1
INFO: Epoch 014: valid_loss 3 | num_tokens 9.39 | batch_size 500 | valid_perplexity 20
INFO: Epoch 015: loss 2.498 | lr 0.0003 | num_tokens 9.431 | batch_size 16 | grad_norm 15.21 | clip 1
INFO: Epoch 015: valid_loss 2.98 | num_tokens 9.39 | batch_size 500 | valid_perplexity 19.6
INFO: Epoch 016: loss 2.427 | lr 0.0003 | num_tokens 9.431 | batch_size 16 | grad_norm 15.86 | clip 1
INFO: Epoch 016: valid_loss 2.91 | num_tokens 9.39 | batch_size 500 | valid_perplexity 18.4
INFO: Epoch 017: loss 2.354 | lr 0.0003 | num_tokens 9.431 | batch_size 16 | grad_norm 15.69 | clip 1
INFO: Epoch 017: valid_loss 2.89 | num_tokens 9.39 | batch_size 500 | valid_perplexity 18
INFO: Epoch 018: loss 2.29 | lr 0.0003 | num_tokens 9.431 | batch_size 16 | grad_norm 16.33 | clip 1
INFO: Epoch 018: valid_loss 2.84 | num_tokens 9.39 | batch_size 500 | valid_perplexity 17.1
INFO: Epoch 019: loss 2.223 | lr 0.0003 | num_tokens 9.431 | batch_size 16 | grad_norm 16.21 | clip 1
INFO: Epoch 019: valid_loss 2.8 | num_tokens 9.39 | batch_size 500 | valid_perplexity 16.5
INFO: Epoch 020: loss 2.166 | lr 0.0003 | num_tokens 9.431 | batch_size 16 | grad_norm 16.17 | clip 1
INFO: Epoch 020: valid_loss 2.79 | num_tokens 9.39 | batch_size 500 | valid_perplexity 16.3
INFO: Epoch 021: loss 2.114 | lr 0.0003 | num_tokens 9.431 | batch_size 16 | grad_norm 16.28 | clip 1
INFO: Epoch 021: valid_loss 2.76 | num_tokens 9.39 | batch_size 500 | valid_perplexity 15.9
INFO: Epoch 022: loss 2.058 | lr 0.0003 | num_tokens 9.431 | batch_size 16 | grad_norm 16.77 | clip 1
INFO: Epoch 022: valid_loss 2.73 | num_tokens 9.39 | batch_size 500 | valid_perplexity 15.3
INFO: Epoch 023: loss 2.002 | lr 0.0003 | num_tokens 9.431 | batch_size 16 | grad_norm 16.58 | clip 1
INFO: Epoch 023: valid_loss 2.69 | num_tokens 9.39 | batch_size 500 | valid_perplexity 14.7
INFO: Epoch 024: loss 1.958 | lr 0.0003 | num_tokens 9.431 | batch_size 16 | grad_norm 16.94 | clip 1
INFO: Epoch 024: valid_loss 2.68 | num_tokens 9.39 | batch_size 500 | valid_perplexity 14.5
INFO: Epoch 025: loss 1.917 | lr 0.0003 | num_tokens 9.431 | batch_size 16 | grad_norm 16.83 | clip 1
INFO: Epoch 025: valid_loss 2.65 | num_tokens 9.39 | batch_size 500 | valid_perplexity 14.2
INFO: Epoch 026: loss 1.87 | lr 0.0003 | num_tokens 9.431 | batch_size 16 | grad_norm 16.72 | clip 1
INFO: Epoch 026: valid_loss 2.66 | num_tokens 9.39 | batch_size 500 | valid_perplexity 14.3
INFO: Epoch 027: loss 1.832 | lr 0.0003 | num_tokens 9.431 | batch_size 16 | grad_norm 17.25 | clip 1
INFO: Epoch 027: valid_loss 2.62 | num_tokens 9.39 | batch_size 500 | valid_perplexity 13.8
INFO: Epoch 028: loss 1.791 | lr 0.0003 | num_tokens 9.431 | batch_size 16 | grad_norm 17.21 | clip 1
INFO: Epoch 028: valid_loss 2.62 | num_tokens 9.39 | batch_size 500 | valid_perplexity 13.7
INFO: Epoch 029: loss 1.757 | lr 0.0003 | num_tokens 9.431 | batch_size 16 | grad_norm 17.17 | clip 1
INFO: Epoch 029: valid_loss 2.6 | num_tokens 9.39 | batch_size 500 | valid_perplexity 13.4
INFO: Epoch 030: loss 1.723 | lr 0.0003 | num_tokens 9.431 | batch_size 16 | grad_norm 17.01 | clip 1
INFO: Epoch 030: valid_loss 2.58 | num_tokens 9.39 | batch_size 500 | valid_perplexity 13.3
INFO: Epoch 031: loss 1.691 | lr 0.0003 | num_tokens 9.431 | batch_size 16 | grad_norm 17.41 | clip 1
INFO: Epoch 031: valid_loss 2.58 | num_tokens 9.39 | batch_size 500 | valid_perplexity 13.2
INFO: Epoch 032: loss 1.66 | lr 0.0003 | num_tokens 9.431 | batch_size 16 | grad_norm 17.37 | clip 1
INFO: Epoch 032: valid_loss 2.58 | num_tokens 9.39 | batch_size 500 | valid_perplexity 13.2
INFO: Epoch 033: loss 1.63 | lr 0.0003 | num_tokens 9.431 | batch_size 16 | grad_norm 17.13 | clip 1
INFO: Epoch 033: valid_loss 2.57 | num_tokens 9.39 | batch_size 500 | valid_perplexity 13.1
INFO: Epoch 034: loss 1.598 | lr 0.0003 | num_tokens 9.431 | batch_size 16 | grad_norm 17.63 | clip 1
INFO: Epoch 034: valid_loss 2.56 | num_tokens 9.39 | batch_size 500 | valid_perplexity 13
INFO: Epoch 035: loss 1.569 | lr 0.0003 | num_tokens 9.431 | batch_size 16 | grad_norm 17.34 | clip 1
INFO: Epoch 035: valid_loss 2.56 | num_tokens 9.39 | batch_size 500 | valid_perplexity 12.9
INFO: Epoch 036: loss 1.544 | lr 0.0003 | num_tokens 9.431 | batch_size 16 | grad_norm 17.51 | clip 1
INFO: Epoch 036: valid_loss 2.55 | num_tokens 9.39 | batch_size 500 | valid_perplexity 12.9
INFO: Epoch 037: loss 1.513 | lr 0.0003 | num_tokens 9.431 | batch_size 16 | grad_norm 17.21 | clip 1
INFO: Epoch 037: valid_loss 2.54 | num_tokens 9.39 | batch_size 500 | valid_perplexity 12.7
INFO: Epoch 038: loss 1.489 | lr 0.0003 | num_tokens 9.431 | batch_size 16 | grad_norm 17.51 | clip 1
INFO: Epoch 038: valid_loss 2.54 | num_tokens 9.39 | batch_size 500 | valid_perplexity 12.6
INFO: Epoch 039: loss 1.465 | lr 0.0003 | num_tokens 9.431 | batch_size 16 | grad_norm 17.45 | clip 1
INFO: Epoch 039: valid_loss 2.53 | num_tokens 9.39 | batch_size 500 | valid_perplexity 12.6


[2023-11-05 19:17:19] COMMAND: translate.py --data data/en-fr/prepared --dicts data/en-fr/prepared --checkpoint-path .\assignments\03\MyBaseline\LexicalModel\checkpoints\checkpoint_best.pt --output .\assignments\03\MyBaseline\LexicalModel\translation.txt --cuda --batch-size 25
[2023-11-05 19:17:19] Arguments: {'cuda': True, 'data': 'data/en-fr/prepared', 'source_lang': 'fr', 'target_lang': 'en', 'max_tokens': None, 'batch_size': 25, 'train_on_tiny': False, 'arch': 'lstm', 'max_epoch': 10000, 'clip_norm': 4.0, 'lr': 0.0003, 'patience': 3, 'log_file': '.\\assignments\\03\\MyBaseline\\LexicalModel\\train_log.log', 'save_dir': '.\\assignments\\03\\MyBaseline\\LexicalModel\\checkpoints\\', 'restore_file': 'checkpoint_last.pt', 'save_interval': 1, 'no_save': False, 'epoch_checkpoints': False, 'decoder_use_lexical_model': 'True', 'encoder_embed_dim': 64, 'encoder_embed_path': None, 'encoder_hidden_size': 64, 'encoder_num_layers': 1, 'encoder_bidirectional': 'True', 'encoder_dropout_in': 0.25, 'encoder_dropout_out': 0.25, 'decoder_embed_dim': 64, 'decoder_embed_path': None, 'decoder_hidden_size': 128, 'decoder_num_layers': 1, 'decoder_dropout_in': 0.25, 'decoder_dropout_out': 0.25, 'decoder_use_attention': 'True', 'device_id': 0, 'seed': 42, 'dicts': 'data/en-fr/prepared', 'checkpoint_path': '.\\assignments\\03\\MyBaseline\\LexicalModel\\checkpoints\\checkpoint_best.pt', 'output': '.\\assignments\\03\\MyBaseline\\LexicalModel\\translation.txt', 'max_len': 128}
[2023-11-05 19:17:19] Loaded a source dictionary (fr) with 4000 words
[2023-11-05 19:17:19] Loaded a target dictionary (en) with 4000 words
[2023-11-05 19:17:20] Loaded a model from checkpoint .\assignments\03\MyBaseline\LexicalModel\checkpoints\checkpoint_best.pt

python .\RemoveBpeSymbols.py .\assignments\03\MyBaseline\LexicalModel\translation.txt .\assignments\03\MyBaseline\LexicalModel\translation.bpe.txt

bash scripts/postprocess.sh assignments/03/MyBaseline/LexicalModel/translation.bpe.txt assignments/03/MyBaseline/LexicalModel/translations.p.txt en

cat assignments/03/MyBaseline/LexicalModel/translations.p.txt | sacrebleu data/en-fr/raw/test.en

{
 "name": "BLEU",
 "score": 20.8,
 "signature": "nrefs:1|case:mixed|eff:no|tok:13a|smooth:exp|version:2.3.1",
 "verbose_score": "53.3/28.1/14.9/8.3 (BP = 1.000 ratio = 1.117 hyp_len = 4346 ref_len = 3892)",
 "nrefs": "1",
 "case": "mixed",
 "eff": "no",
 "tok": "13a",
 "smooth": "exp",
 "version": "2.3.1"
}

